2016-06-05 19:27:50.2344 TRACE Version: 4.0.30319.42000
2016-06-05 19:27:50.2484 TRACE OS: Microsoft Windows NT 6.2.9200.0
2016-06-05 19:27:50.2484 TRACE CommandLine: C:\Users\amare\Desktop\SummerPracticeRep\SummerPractice\bin\Debug\SummerPractice.exe
2016-06-05 19:27:50.2484 ERROR Hello
2016-06-05 19:31:58.5020 TRACE Version: 4.0.30319.42000
2016-06-05 19:31:58.5165 TRACE OS: Microsoft Windows NT 6.2.9200.0
2016-06-05 19:31:58.5165 TRACE CommandLine: C:\Users\amare\Desktop\SummerPracticeRep\SummerPractice\bin\Debug\SummerPractice.exe
2016-06-05 19:32:02.3110 TRACE Version: 4.0.30319.42000
2016-06-05 19:32:02.3110 TRACE OS: Microsoft Windows NT 6.2.9200.0
2016-06-05 19:32:02.3110 TRACE CommandLine: C:\Users\amare\Desktop\SummerPracticeRep\SummerPractice\bin\Debug\SummerPractice.exe
2016-06-05 19:32:33.2201 TRACE Version: 4.0.30319.42000
2016-06-05 19:32:33.2366 TRACE OS: Microsoft Windows NT 6.2.9200.0
2016-06-05 19:32:33.2366 TRACE CommandLine: "C:/Users/amare/Desktop/SummerPracticeRep/SummerPractice/bin/Debug/SummerPractice.exe" 
2016-06-05 19:33:14.4074 TRACE Version: 4.0.30319.42000
2016-06-05 19:33:14.4219 TRACE OS: Microsoft Windows NT 6.2.9200.0
2016-06-05 19:33:14.4219 TRACE CommandLine: C:\Users\amare\Desktop\SummerPracticeRep\SummerPractice\bin\Debug\SummerPractice.exe
2016-06-05 19:33:22.1240 TRACE Version: 4.0.30319.42000
2016-06-05 19:33:22.1441 TRACE OS: Microsoft Windows NT 6.2.9200.0
2016-06-05 19:33:22.1441 TRACE CommandLine: C:\Users\amare\Desktop\SummerPracticeRep\SummerPractice\bin\Debug\SummerPractice.exe
2016-06-05 19:34:41.9512 TRACE Version: 4.0.30319.42000
2016-06-05 19:34:41.9512 TRACE OS: Microsoft Windows NT 6.2.9200.0
2016-06-05 19:34:41.9512 TRACE CommandLine: C:\Users\amare\Desktop\SummerPracticeRep\SummerPractice\bin\Debug\SummerPractice.exe
2016-06-05 19:35:10.0144 TRACE Version: 4.0.30319.42000
2016-06-05 19:35:10.0294 TRACE OS: Microsoft Windows NT 6.2.9200.0
2016-06-05 19:35:10.0294 TRACE CommandLine: C:\Users\amare\Desktop\SummerPracticeRep\SummerPractice\bin\Debug\SummerPractice.exe
2016-06-05 19:35:23.2499 TRACE Version: 4.0.30319.42000
2016-06-05 19:35:23.2689 TRACE OS: Microsoft Windows NT 6.2.9200.0
2016-06-05 19:35:23.2689 TRACE CommandLine: C:\Users\amare\Desktop\SummerPracticeRep\SummerPractice\bin\Debug\SummerPractice.exe
2016-06-05 19:35:48.7962 TRACE Version: 4.0.30319.42000
2016-06-05 19:35:48.8117 TRACE OS: Microsoft Windows NT 6.2.9200.0
2016-06-05 19:35:48.8117 TRACE CommandLine: C:\Users\amare\Desktop\SummerPracticeRep\SummerPractice\bin\Debug\SummerPractice.exe
2016-06-05 19:37:25.7654 TRACE Version: 4.0.30319.42000
2016-06-05 19:37:25.7870 TRACE OS: Microsoft Windows NT 6.2.9200.0
2016-06-05 19:37:25.7870 TRACE CommandLine: "C:/Users/amare/Desktop/SummerPracticeRep/SummerPractice/bin/Debug/SummerPractice.exe" 
2016-06-05 19:40:52.0185 TRACE Version: 4.0.30319.42000
2016-06-05 19:40:52.0375 TRACE OS: Microsoft Windows NT 6.2.9200.0
2016-06-05 19:40:52.0375 TRACE CommandLine: C:\Users\amare\Desktop\SummerPracticeRep\SummerPractice\bin\Debug\SummerPractice.exe
2016-06-05 19:42:01.9210 TRACE Version: 4.0.30319.42000
2016-06-05 19:42:01.9390 TRACE OS: Microsoft Windows NT 6.2.9200.0
2016-06-05 19:42:01.9390 TRACE CommandLine: C:\Users\amare\Desktop\SummerPracticeRep\SummerPractice\bin\Debug\SummerPractice.exe
2016-06-05 19:42:22.7801 TRACE Version: 4.0.30319.42000
2016-06-05 19:42:22.7801 TRACE OS: Microsoft Windows NT 6.2.9200.0
2016-06-05 19:42:22.7951 TRACE CommandLine: C:\Users\amare\Desktop\SummerPracticeRep\SummerPractice\bin\Debug\SummerPractice.exe
2016-06-05 19:46:00.7830 TRACE Version: 4.0.30319.42000
2016-06-05 19:46:00.8030 TRACE OS: Microsoft Windows NT 6.2.9200.0
2016-06-05 19:46:00.8030 TRACE CommandLine: C:\Users\amare\Desktop\SummerPracticeRep\SummerPractice\bin\Debug\SummerPractice.exe
2016-06-05 19:46:30.1574 TRACE Version: 4.0.30319.42000
2016-06-05 19:46:30.1774 TRACE OS: Microsoft Windows NT 6.2.9200.0
2016-06-05 19:46:30.1774 TRACE CommandLine: C:\Users\amare\Desktop\SummerPracticeRep\SummerPractice\bin\Debug\SummerPractice.exe
2016-06-05 19:58:30.7979 TRACE Version: 4.0.30319.42000
2016-06-05 19:58:30.8159 TRACE OS: Microsoft Windows NT 6.2.9200.0
2016-06-05 19:58:30.8159 TRACE CommandLine: C:\Users\amare\Desktop\SummerPracticeRep\SummerPractice\bin\Debug\SummerPractice.exe
2016-06-05 20:03:03.8760 TRACE Version: 4.0.30319.42000
2016-06-05 20:03:03.8760 TRACE OS: Microsoft Windows NT 6.2.9200.0
2016-06-05 20:03:03.8760 TRACE CommandLine: "C:/Users/amare/Desktop/SummerPracticeRep/SummerPractice/bin/Debug/SummerPractice.exe" 
2016-06-05 20:03:34.0024 TRACE Version: 4.0.30319.42000
2016-06-05 20:03:34.0204 TRACE OS: Microsoft Windows NT 6.2.9200.0
2016-06-05 20:03:34.0204 TRACE CommandLine: C:\Users\amare\Desktop\SummerPracticeRep\SummerPractice\bin\Debug\SummerPractice.exe
2016-06-05 20:03:44.8903 TRACE Version: 4.0.30319.42000
2016-06-05 20:03:44.9073 TRACE OS: Microsoft Windows NT 6.2.9200.0
2016-06-05 20:03:44.9073 TRACE CommandLine: C:\Users\amare\Desktop\SummerPracticeRep\SummerPractice\bin\Debug\SummerPractice.exe
2016-06-05 20:03:56.3104 TRACE Version: 4.0.30319.42000
2016-06-05 20:03:56.3104 TRACE OS: Microsoft Windows NT 6.2.9200.0
2016-06-05 20:03:56.3104 TRACE CommandLine: "C:/Users/amare/Desktop/SummerPracticeRep/SummerPractice/bin/Debug/SummerPractice.exe" 
2016-06-05 20:04:57.2366 TRACE Version: 4.0.30319.42000
2016-06-05 20:04:57.2571 TRACE OS: Microsoft Windows NT 6.2.9200.0
2016-06-05 20:04:57.2571 TRACE CommandLine: C:\Users\amare\Desktop\SummerPracticeRep\SummerPractice\bin\Debug\SummerPractice.exe
2016-06-05 20:05:15.7503 TRACE Version: 4.0.30319.42000
2016-06-05 20:05:15.7698 TRACE OS: Microsoft Windows NT 6.2.9200.0
2016-06-05 20:05:15.7698 TRACE CommandLine: "C:/Users/amare/Desktop/SummerPracticeRep/SummerPractice/bin/Debug/SummerPractice.exe" 
2016-06-05 20:05:25.8293 TRACE Version: 4.0.30319.42000
2016-06-05 20:05:25.8453 TRACE OS: Microsoft Windows NT 6.2.9200.0
2016-06-05 20:05:25.8453 TRACE CommandLine: "C:/Users/amare/Desktop/SummerPracticeRep/SummerPractice/bin/Debug/SummerPractice.exe" 
2016-06-05 20:06:00.3900 TRACE Version: 4.0.30319.42000
2016-06-05 20:06:00.4050 TRACE OS: Microsoft Windows NT 6.2.9200.0
2016-06-05 20:06:00.4050 TRACE CommandLine: "C:/Users/amare/Desktop/SummerPracticeRep/SummerPractice/bin/Debug/SummerPractice.exe" 
2016-06-05 20:16:54.2639 TRACE Version: 4.0.30319.42000
2016-06-05 20:16:54.2800 TRACE OS: Microsoft Windows NT 6.2.9200.0
2016-06-05 20:16:54.2800 TRACE CommandLine: C:\Users\amare\Desktop\SummerPracticeRep\SummerPractice\bin\Debug\SummerPractice.exe
2016-06-05 20:17:21.7797 TRACE Version: 4.0.30319.42000
2016-06-05 20:17:21.7987 TRACE OS: Microsoft Windows NT 6.2.9200.0
2016-06-05 20:17:21.7987 TRACE CommandLine: C:\Users\amare\Desktop\SummerPracticeRep\SummerPractice\bin\Debug\SummerPractice.exe
2016-06-05 20:17:25.0136 TRACE Version: 4.0.30319.42000
2016-06-05 20:17:25.0136 TRACE OS: Microsoft Windows NT 6.2.9200.0
2016-06-05 20:17:25.0296 TRACE CommandLine: C:\Users\amare\Desktop\SummerPracticeRep\SummerPractice\bin\Debug\SummerPractice.exe
2016-06-05 20:17:31.7480 TRACE Version: 4.0.30319.42000
2016-06-05 20:17:31.7480 TRACE OS: Microsoft Windows NT 6.2.9200.0
2016-06-05 20:17:31.7480 TRACE CommandLine: C:\Users\amare\Desktop\SummerPracticeRep\SummerPractice\bin\Debug\SummerPractice.exe
