2016-06-06 11:13:50.9205 TRACE Version: 4.0.30319.42000
2016-06-06 11:13:50.9497 TRACE OS: Microsoft Windows NT 6.2.9200.0
2016-06-06 11:13:50.9527 TRACE CommandLine: C:\Users\amare\Desktop\SummerPracticeRep\SummerPractice\bin\Debug\SummerPractice.exe
2016-06-06 11:21:13.4242 TRACE Version: 4.0.30319.42000
2016-06-06 11:21:13.4412 TRACE OS: Microsoft Windows NT 6.2.9200.0
2016-06-06 11:21:13.4412 TRACE CommandLine: C:\Users\amare\Desktop\SummerPracticeRep\SummerPractice\bin\Debug\SummerPractice.exe
2016-06-06 12:50:59.2189 TRACE Version: 4.0.30319.42000
2016-06-06 12:50:59.2329 TRACE OS: Microsoft Windows NT 6.2.9200.0
2016-06-06 12:50:59.2329 TRACE CommandLine: "C:\Users\amare\Desktop\SummerPracticeRep\SummerPractice\bin\Debug\SummerPractice.exe" 
2016-06-06 12:54:17.6590 TRACE Version: 4.0.30319.42000
2016-06-06 12:54:17.6760 TRACE OS: Microsoft Windows NT 6.2.9200.0
2016-06-06 12:54:17.6760 TRACE CommandLine: "C:\Users\amare\Desktop\SummerPracticeRep\SummerPractice\bin\Debug\SummerPractice.exe" 
2016-06-06 13:19:15.7808 TRACE Version: 4.0.30319.42000
2016-06-06 13:19:15.7808 TRACE OS: Microsoft Windows NT 6.2.9200.0
2016-06-06 13:19:15.7808 TRACE CommandLine: "C:\Users\amare\Desktop\SummerPracticeRep\SummerPractice\bin\Debug\SummerPractice.exe" 
2016-06-06 14:08:35.5608 TRACE Version: 4.0.30319.42000 
2016-06-06 14:08:35.5773 TRACE OS: Microsoft Windows NT 6.2.9200.0 
2016-06-06 14:08:35.5773 TRACE CommandLine: C:\Users\amare\Desktop\SummerPracticeRep\SummerPractice\bin\Debug\SummerPractice.exe 
2016-06-06 14:17:10.8165 TRACE Version: 4.0.30319.42000 
2016-06-06 14:17:10.8356 TRACE OS: Microsoft Windows NT 6.2.9200.0 
2016-06-06 14:17:10.8356 TRACE CommandLine: "C:\Users\amare\Desktop\SummerPracticeRep\SummerPractice\bin\Debug\SummerPractice.exe"  
2016-06-06 14:17:30.3425 TRACE Version: 4.0.30319.42000 
2016-06-06 14:17:30.3630 TRACE OS: Microsoft Windows NT 6.2.9200.0 
2016-06-06 14:17:30.3630 TRACE CommandLine: "C:\Users\amare\Desktop\SummerPracticeRep\SummerPractice\bin\Debug\SummerPractice.exe"  
